C:\Program Files (x86)\MSBuild\Microsoft.Cpp\v4.0\Microsoft.CppBuild.targets(298,5): warning MSB8004: Intermediate Directory does not end with a trailing slash.  This build instance will add the slash as it is required to allow proper evaluation of the Intermediate Directory.
C:\Program Files (x86)\MSBuild\Microsoft.Cpp\v4.0\Microsoft.CppBuild.targets(299,5): warning MSB8004: Output Directory does not end with a trailing slash.  This build instance will add the slash as it is required to allow proper evaluation of the Output Directory.
<<<<<<< HEAD
  TutorialApplication.cpp
source\TutorialApplication.cpp(41): warning C4305: 'argument' : truncation from 'double' to 'const Ogre::Real'
source\TutorialApplication.cpp(89): warning C4305: 'argument' : truncation from 'double' to 'float'
source\TutorialApplication.cpp(89): warning C4305: 'argument' : truncation from 'double' to 'float'
source\TutorialApplication.cpp(89): warning C4305: 'argument' : truncation from 'double' to 'float'
source\TutorialApplication.cpp(99): warning C4305: 'argument' : truncation from 'double' to 'float'
source\TutorialApplication.cpp(99): warning C4305: 'argument' : truncation from 'double' to 'float'
source\TutorialApplication.cpp(99): warning C4305: 'argument' : truncation from 'double' to 'float'
source\TutorialApplication.cpp(128): warning C4305: 'argument' : truncation from 'double' to 'const Ogre::Real'
source\TutorialApplication.cpp(128): warning C4305: 'argument' : truncation from 'double' to 'const Ogre::Real'
source\TutorialApplication.cpp(113): warning C4101: 'i' : unreferenced local variable
source\TutorialApplication.cpp(285): warning C4018: '<' : signed/unsigned mismatch
source\TutorialApplication.cpp(299): warning C4018: '<' : signed/unsigned mismatch
source\TutorialApplication.cpp(308): warning C4305: 'argument' : truncation from 'double' to 'const Ogre::Real'
source\TutorialApplication.cpp(317): warning C4018: '<' : signed/unsigned mismatch
source\TutorialApplication.cpp(328): warning C4018: '<' : signed/unsigned mismatch
source\TutorialApplication.cpp(371): warning C4018: '<' : signed/unsigned mismatch
source\TutorialApplication.cpp(376): warning C4018: '<' : signed/unsigned mismatch
source\TutorialApplication.cpp(408): warning C4305: 'initializing' : truncation from 'double' to 'float'
  Generating code
  Finished generating code
=======
>>>>>>> master
  demo_hello.vcxproj -> C:\Users\cxl\Downloads\3D game programing\3DGP_201709_PathFinding_Template_Package\programs\3DGP_201709_04_Ex_Path_Finding_Template\bin\Release\demo_hello.exe
